  ComponentGeometry.cpp
c:\users\lucius-pc\documents\git\demo-pieces\c++\honours-project\honours\engine\components\icomponent.h(2): fatal error C1083: Cannot open include file: 'Managers\ComponentManager.h': No such file or directory
  ComponentTexture.cpp
c:\users\lucius-pc\documents\git\demo-pieces\c++\honours-project\honours\engine\components\icomponent.h(2): fatal error C1083: Cannot open include file: 'Managers\ComponentManager.h': No such file or directory
  ComponentTransform.cpp
c:\users\lucius-pc\documents\git\demo-pieces\c++\honours-project\honours\engine\components\icomponent.h(2): fatal error C1083: Cannot open include file: 'Managers\ComponentManager.h': No such file or directory
  Engine.cpp
c:\users\lucius-pc\documents\git\demo-pieces\c++\honours-project\honours\engine\engine.h(2): fatal error C1083: Cannot open include file: 'glad\glad.h': No such file or directory
  Camera.cpp
c:\users\lucius-pc\documents\git\demo-pieces\c++\honours-project\honours\engine\objects\camera.h(5): fatal error C1083: Cannot open include file: 'glm\glm.hpp': No such file or directory
  Geometry.cpp
c:\users\lucius-pc\documents\git\demo-pieces\c++\honours-project\honours\engine\objects\geometry.h(3): fatal error C1083: Cannot open include file: 'glad\glad.h': No such file or directory
  Keyboard.cpp
c:\users\lucius-pc\documents\git\demo-pieces\c++\honours-project\honours\engine\io\keyboard.h(2): fatal error C1083: Cannot open include file: 'GLFW\glfw3.h': No such file or directory
  main.cpp
c:\users\lucius-pc\documents\git\demo-pieces\c++\honours-project\honours\engine\engine.h(2): fatal error C1083: Cannot open include file: 'glad\glad.h': No such file or directory
  ComponentManager.cpp
  EntityManager.cpp
c:\users\lucius-pc\documents\git\demo-pieces\c++\honours-project\honours\engine\managers\entitymanager.h(6): fatal error C1083: Cannot open include file: 'Objects\Entity.h': No such file or directory
  RenderManager.cpp
c:\users\lucius-pc\documents\git\demo-pieces\c++\honours-project\honours\engine\managers\rendermanager.h(5): fatal error C1083: Cannot open include file: 'glad\glad.h': No such file or directory
  ResourceManager.cpp
c:\users\lucius-pc\documents\git\demo-pieces\c++\honours-project\honours\engine\managers\resourcemanager.h(4): fatal error C1083: Cannot open include file: 'SOIL.h': No such file or directory
  SceneManager.cpp
c:\users\lucius-pc\documents\git\demo-pieces\c++\honours-project\honours\engine\managers\scenemanager.h(2): fatal error C1083: Cannot open include file: 'Scenes\IScene.h': No such file or directory
  Mouse.cpp
c:\users\lucius-pc\documents\git\demo-pieces\c++\honours-project\honours\engine\io\mouse.h(3): fatal error C1083: Cannot open include file: 'GLFW\glfw3.h': No such file or directory
  Entity.cpp
c:\users\lucius-pc\documents\git\demo-pieces\c++\honours-project\honours\engine\objects\entity.h(4): fatal error C1083: Cannot open include file: 'Components/IComponent.h': No such file or directory
  Sprite.cpp
c:\users\lucius-pc\documents\git\demo-pieces\c++\honours-project\honours\engine\objects\sprite.h(3): fatal error C1083: Cannot open include file: 'GLFW\glfw3.h': No such file or directory
  Texture.cpp
  DefaultScene.cpp
c:\users\lucius-pc\documents\git\demo-pieces\c++\honours-project\honours\engine\scenes\defaultscene.h(4): fatal error C1083: Cannot open include file: 'Scenes\IScene.h': No such file or directory
  IScene.cpp
  TestScene.cpp
c:\users\lucius-pc\documents\git\demo-pieces\c++\honours-project\honours\engine\scenes\testscene.h(3): fatal error C1083: Cannot open include file: 'Scenes\IScene.h': No such file or directory
  Generating Code...
